{
  "0 debug pnpm:scope": {
    "selected": 1
  },
  "1 error pnpm": {
    "errno": 2,
    "code": "ELIFECYCLE",
    "pkgid": "remix-app-template@",
    "stage": "lint",
    "script": "eslint --cache --cache-location ./node_modules/.cache/.eslintcache --ext js,jsx,ts,tsx .",
    "pkgname": "remix-app-template",
    "err": {
      "name": "pnpm",
      "message": "remix-app-template@ lint: `eslint --cache --cache-location ./node_modules/.cache/.eslintcache --ext js,jsx,ts,tsx .`\nExit status 2",
      "code": "ELIFECYCLE",
      "stack": "pnpm: remix-app-template@ lint: `eslint --cache --cache-location ./node_modules/.cache/.eslintcache --ext js,jsx,ts,tsx .`\nExit status 2\n    at EventEmitter.<anonymous> (/Users/chris/.nvm/versions/node/v16.10.0/pnpm-global/5/node_modules/.pnpm/pnpm@6.26.1/node_modules/pnpm/dist/pnpm.cjs:105378:20)\n    at EventEmitter.emit (node:events:390:28)\n    at ChildProcess.<anonymous> (/Users/chris/.nvm/versions/node/v16.10.0/pnpm-global/5/node_modules/.pnpm/pnpm@6.26.1/node_modules/pnpm/dist/pnpm.cjs:91965:18)\n    at ChildProcess.emit (node:events:390:28)\n    at maybeClose (node:internal/child_process:1064:16)\n    at Process.ChildProcess._handle.onexit (node:internal/child_process:301:5)"
    }
  },
  "2 warn pnpm:global": " Local package.json exists, but node_modules missing, did you mean to install?"
}